C:\USERS\FIVOS\DESKTOP\ARCH2014\CONSOLEAPPLICATION3\CONSOLEAPPLICATION3\DEBUG\CODIKAS.OBJ
C:\USERS\FIVOS\DESKTOP\ARCH2014\CONSOLEAPPLICATION3\CONSOLEAPPLICATION3\DEBUG\VC110.PDB
C:\USERS\FIVOS\DESKTOP\ARCH2014\CONSOLEAPPLICATION3\DEBUG\CONSOLEAPPLICATION3.ILK
C:\USERS\FIVOS\DESKTOP\ARCH2014\CONSOLEAPPLICATION3\DEBUG\CONSOLEAPPLICATION3.EXE
C:\USERS\FIVOS\DESKTOP\ARCH2014\CONSOLEAPPLICATION3\DEBUG\CONSOLEAPPLICATION3.PDB
C:\Users\Fivos\Desktop\Arch2014\ConsoleApplication3\ConsoleApplication3\Debug\Codikas.obj
C:\Users\Fivos\Desktop\Arch2014\ConsoleApplication3\ConsoleApplication3\Debug\cl.command.1.tlog
C:\Users\Fivos\Desktop\Arch2014\ConsoleApplication3\ConsoleApplication3\Debug\CL.read.1.tlog
C:\Users\Fivos\Desktop\Arch2014\ConsoleApplication3\ConsoleApplication3\Debug\CL.write.1.tlog
C:\Users\Fivos\Desktop\Arch2014\ConsoleApplication3\ConsoleApplication3\Debug\link-cvtres.read.1.tlog
C:\Users\Fivos\Desktop\Arch2014\ConsoleApplication3\ConsoleApplication3\Debug\link-cvtres.write.1.tlog
C:\Users\Fivos\Desktop\Arch2014\ConsoleApplication3\ConsoleApplication3\Debug\link-rc.read.1.tlog
C:\Users\Fivos\Desktop\Arch2014\ConsoleApplication3\ConsoleApplication3\Debug\link-rc.write.1.tlog
C:\Users\Fivos\Desktop\Arch2014\ConsoleApplication3\ConsoleApplication3\Debug\link.8408-cvtres.read.1.tlog
C:\Users\Fivos\Desktop\Arch2014\ConsoleApplication3\ConsoleApplication3\Debug\link.8408-cvtres.write.1.tlog
C:\Users\Fivos\Desktop\Arch2014\ConsoleApplication3\ConsoleApplication3\Debug\link.8408-rc.read.1.tlog
C:\Users\Fivos\Desktop\Arch2014\ConsoleApplication3\ConsoleApplication3\Debug\link.8408-rc.write.1.tlog
C:\Users\Fivos\Desktop\Arch2014\ConsoleApplication3\ConsoleApplication3\Debug\link.8408.read.1.tlog
C:\Users\Fivos\Desktop\Arch2014\ConsoleApplication3\ConsoleApplication3\Debug\link.8408.write.1.tlog
C:\Users\Fivos\Desktop\Arch2014\ConsoleApplication3\ConsoleApplication3\Debug\link.command.1.tlog
C:\Users\Fivos\Desktop\Arch2014\ConsoleApplication3\ConsoleApplication3\Debug\link.read.1.tlog
C:\Users\Fivos\Desktop\Arch2014\ConsoleApplication3\ConsoleApplication3\Debug\link.write.1.tlog
C:\Users\Fivos\Desktop\Arch2014\ConsoleApplication3\ConsoleApplication3\Debug\vc110.idb
C:\Users\Fivos\Desktop\Arch2014\ConsoleApplication3\ConsoleApplication3\Debug\vc110.pdb
C:\Users\Fivos\Desktop\Arch2014\ConsoleApplication3\Debug\ConsoleApplication3.pdb
C:\Users\Fivos\Desktop\Arch2014\ConsoleApplication3\Debug\ConsoleApplication3.exe
C:\Users\Fivos\Desktop\Arch2014\ConsoleApplication3\Debug\ConsoleApplication3.ilk
